<?xml version="1.0" encoding="UTF-8"?>
<!-- Generated by org.testng.reporters.JUnitReportReporter -->
<testsuite hostname="SathishKumar" failures="0" tests="1" name="testNG.Assertion" time="0.016" errors="0" timestamp="2024-05-16T19:48:53 IST" skipped="0">
  <testcase classname="testNG.Assertion" name="checkValue" time="0.016"/>
  <system-out/>
</testsuite> <!-- testNG.Assertion -->
