<?xml version="1.0" encoding="UTF-8"?>
<!-- Generated by org.testng.reporters.JUnitReportReporter -->
<testsuite hostname="SathishKumar" failures="0" tests="3" name="testNG.TestSuiteExamples" time="9.601" errors="0" timestamp="2024-02-26T13:04:03 IST" skipped="0">
  <testcase classname="testNG.TestSuiteExamples" name="openBing" time="0.992"/>
  <system-out/>
  <testcase classname="testNG.TestSuiteExamples" name="openGmail" time="4.480"/>
  <system-out/>
  <testcase classname="testNG.TestSuiteExamples" name="openGoogle" time="4.129"/>
  <system-out/>
</testsuite> <!-- testNG.TestSuiteExamples -->
