<?xml version="1.0" encoding="UTF-8"?>
<!-- Generated by org.testng.reporters.JUnitReportReporter -->
<testsuite hostname="SathishKumar" failures="0" tests="4" name="Test1" time="0.020" errors="0" timestamp="2024-07-24T13:37:42 IST" skipped="0">
  <testcase classname="Test1" name="startTheCar" time="0.014"/>
  <system-out/>
  <testcase classname="Test1" name="firstGear" time="0.002"/>
  <system-out/>
  <testcase classname="Test1" name="turnOntheMusic" time="0.002"/>
  <system-out/>
  <testcase classname="Test1" name="stopTheCar" time="0.002"/>
  <system-out/>
</testsuite> <!-- Test1 -->
