<?xml version="1.0" encoding="UTF-8"?>
<!-- Generated by org.testng.reporters.JUnitReportReporter -->
<testsuite hostname="SathishKumar" failures="0" tests="3" name="projects24GB.Nobro$Nobrokerauto" time="50.963" errors="0" timestamp="2024-01-19T16:27:36 IST" skipped="0">
  <testcase classname="projects24GB.Nobro$Nobrokerauto" name="firstlocation" time="19.312"/>
  <system-out/>
  <testcase classname="projects24GB.Nobro$Nobrokerauto" name="function" time="19.698"/>
  <system-out/>
  <testcase classname="projects24GB.Nobro$Nobrokerauto" name="getValuesAndSaveToExcel" time="11.953"/>
  <system-out/>
</testsuite> <!-- projects24GB.Nobro$Nobrokerauto -->
