<?xml version="1.0" encoding="UTF-8"?>
<!-- Generated by org.testng.reporters.JUnitReportReporter -->
<testsuite hostname="SathishKumar" failures="0" tests="3" name="Test1" time="0.021" errors="0" timestamp="2024-12-10T20:39:35 IST" skipped="0">
  <testcase classname="Test1" name="testMethod" time="0.002"/>
  <system-out/>
  <testcase classname="Test1" name="testMethod" time="0.002"/>
  <system-out/>
  <testcase classname="Test1" name="testMethod" time="0.017"/>
  <system-out/>
</testsuite> <!-- Test1 -->
