<?xml version="1.0" encoding="UTF-8"?>
<!-- Generated by org.testng.reporters.JUnitReportReporter -->
<testsuite hostname="SathishKumar" failures="0" tests="3" name="projects24GB.Nobro" time="60.515" errors="0" timestamp="2024-01-19T16:35:52 IST" skipped="0">
  <testcase classname="projects24GB.Nobro" name="areaLocation" time="21.151"/>
  <system-out/>
  <testcase classname="projects24GB.Nobro" name="function" time="27.156"/>
  <system-out/>
  <testcase classname="projects24GB.Nobro" name="getValuesAndSaveToExcel" time="12.208"/>
  <system-out/>
</testsuite> <!-- projects24GB.Nobro -->
