<?xml version="1.0" encoding="UTF-8"?>
<!-- Generated by org.testng.reporters.JUnitReportReporter -->
<testsuite hostname="SathishKumar" failures="0" tests="2" name="testNG.ParallelTesting" time="10.069" errors="0" timestamp="2024-09-09T20:40:37 IST" skipped="0">
  <testcase classname="testNG.ParallelTesting" name="openGoogle" time="3.022"/>
  <system-out/>
  <testcase classname="testNG.ParallelTesting" name="openBing" time="7.047"/>
  <system-out/>
</testsuite> <!-- testNG.ParallelTesting -->
