<?xml version="1.0" encoding="UTF-8"?>
<!-- Generated by org.testng.reporters.JUnitReportReporter -->
<testsuite hostname="SathishKumar" failures="0" tests="1" name="testNG.ParameterizationExample" time="0.008" errors="0" timestamp="2024-02-26T14:19:45 IST" skipped="0">
  <testcase classname="testNG.ParameterizationExample" name="printMyName" time="0.008"/>
  <system-out/>
</testsuite> <!-- testNG.ParameterizationExample -->
