<?xml version="1.0" encoding="UTF-8"?>
<!-- Generated by org.testng.reporters.JUnitReportReporter -->
<testsuite hostname="SathishKumar" failures="0" tests="6" name="testNG.GrouppingExample" time="0.026" errors="0" timestamp="2024-02-26T13:19:41 IST" skipped="0">
  <testcase classname="testNG.GrouppingExample" name="guava2" time="0.001"/>
  <system-out/>
  <testcase classname="testNG.GrouppingExample" name="orange1" time="0.001"/>
  <system-out/>
  <testcase classname="testNG.GrouppingExample" name="stawberry1" time="0.002"/>
  <system-out/>
  <testcase classname="testNG.GrouppingExample" name="guava1" time="0.018"/>
  <system-out/>
  <testcase classname="testNG.GrouppingExample" name="orange2" time="0.002"/>
  <system-out/>
  <testcase classname="testNG.GrouppingExample" name="stawberry2" time="0.002"/>
  <system-out/>
</testsuite> <!-- testNG.GrouppingExample -->
