<?xml version="1.0" encoding="UTF-8"?>
<!-- Generated by org.testng.reporters.JUnitReportReporter -->
<testsuite hostname="SathishKumar" failures="0" tests="2" name="testNG.AnnotationsExamples" time="0.015" errors="0" timestamp="2024-08-31T12:30:37 IST" skipped="0">
  <testcase classname="testNG.AnnotationsExamples" name="test" time="0.012"/>
  <system-out/>
  <testcase classname="testNG.AnnotationsExamples" name="test2" time="0.003"/>
  <system-out/>
</testsuite> <!-- testNG.AnnotationsExamples -->
