<?xml version="1.0" encoding="UTF-8"?>
<!-- Generated by org.testng.reporters.JUnitReportReporter -->
<testsuite hostname="SathishKumar" failures="0" tests="6" name="testNG.SampleTest" time="0.028" errors="0" timestamp="2024-02-26T13:23:49 IST" skipped="0">
  <testcase classname="testNG.SampleTest" name="startCar" time="0.015"/>
  <system-out/>
  <testcase classname="testNG.SampleTest" name="putFirstGear" time="0.003"/>
  <system-out/>
  <testcase classname="testNG.SampleTest" name="putSecondGear" time="0.003"/>
  <system-out/>
  <testcase classname="testNG.SampleTest" name="putThirdGear" time="0.002"/>
  <system-out/>
  <testcase classname="testNG.SampleTest" name="putFourthGear" time="0.002"/>
  <system-out/>
  <testcase classname="testNG.SampleTest" name="turnOntheMusic" time="0.003"/>
  <system-out/>
</testsuite> <!-- testNG.SampleTest -->
