<?xml version="1.0" encoding="UTF-8"?>
<!-- Generated by org.testng.reporters.JUnitReportReporter -->
<testsuite hostname="SathishKumar" failures="0" tests="3" name="projects24GB.Flipkart2" time="9.825" errors="0" timestamp="2024-02-01T16:12:18 IST" skipped="0">
  <testcase classname="projects24GB.Flipkart2" name="openFlipkart" time="2.604"/>
  <system-out/>
  <testcase classname="projects24GB.Flipkart2" name="openMi" time="4.460"/>
  <system-out/>
  <testcase classname="projects24GB.Flipkart2" name="getProductDetails" time="2.761"/>
  <system-out/>
</testsuite> <!-- projects24GB.Flipkart2 -->
